2023-05-21 17:28:03.823 [info] Extension host with pid 465 started
2023-05-21 17:28:03.840 [info] Lock '/home/ec2-user/.vscode-server/data/User/workspaceStorage/cbddb842ef2d1f755fb84d454134a81d/vscode.lock': Lock acquired.
2023-05-21 17:28:04.235 [info] ExtensionService#_doActivateExtension vscode.git-base, startup: true, activationEvent: '*'
2023-05-21 17:28:06.627 [info] ExtensionService#_doActivateExtension vscode.github, startup: true, activationEvent: '*'
2023-05-21 17:28:06.795 [info] ExtensionService#_doActivateExtension vscode.git, startup: false, activationEvent: 'api', root cause: vscode.github
2023-05-21 17:28:06.885 [info] ExtensionService#_doActivateExtension vscode.debug-auto-launch, startup: false, activationEvent: 'onStartupFinished'
2023-05-21 17:28:06.886 [info] ExtensionService#_doActivateExtension vscode.emmet, startup: false, activationEvent: 'onStartupFinished'
2023-05-21 17:28:06.886 [info] ExtensionService#_doActivateExtension vscode.merge-conflict, startup: false, activationEvent: 'onStartupFinished'
2023-05-21 17:28:06.886 [info] Eager extensions activated
2023-05-21 20:14:12.536 [info] ExtensionService#_doActivateExtension vscode.npm, startup: false, activationEvent: 'onLanguage:properties'
2023-05-21 20:31:11.016 [info] ExtensionService#_doActivateExtension vscode.html-language-features, startup: false, activationEvent: 'onLanguage:html'
2023-05-21 21:51:14.143 [warning] [Decorations] CAPPING events from decorations provider vscode.git 2025
2023-05-21 21:51:14.755 [warning] [Decorations] CAPPING events from decorations provider vscode.git 2025
2023-05-21 21:51:19.338 [warning] [Decorations] CAPPING events from decorations provider vscode.git 2025
2023-05-21 21:51:24.481 [warning] [Decorations] CAPPING events from decorations provider vscode.git 2025
2023-05-21 21:51:29.568 [warning] [Decorations] CAPPING events from decorations provider vscode.git 2025
2023-05-21 21:51:34.851 [warning] [Decorations] CAPPING events from decorations provider vscode.git 2025
2023-05-21 21:51:40.001 [warning] [Decorations] CAPPING events from decorations provider vscode.git 2025
2023-05-21 21:51:45.087 [warning] [Decorations] CAPPING events from decorations provider vscode.git 2025
2023-05-21 21:51:50.154 [warning] [Decorations] CAPPING events from decorations provider vscode.git 2025
2023-05-21 21:51:55.240 [warning] [Decorations] CAPPING events from decorations provider vscode.git 2025
2023-05-21 21:52:00.326 [warning] [Decorations] CAPPING events from decorations provider vscode.git 2025
2023-05-21 21:52:05.482 [warning] [Decorations] CAPPING events from decorations provider vscode.git 2025
2023-05-21 21:52:10.584 [warning] [Decorations] CAPPING events from decorations provider vscode.git 2025
2023-05-21 21:52:15.800 [warning] [Decorations] CAPPING events from decorations provider vscode.git 2025
2023-05-21 21:52:20.873 [warning] [Decorations] CAPPING events from decorations provider vscode.git 2025
2023-05-21 21:52:25.939 [warning] [Decorations] CAPPING events from decorations provider vscode.git 2025
2023-05-21 21:52:31.011 [warning] [Decorations] CAPPING events from decorations provider vscode.git 2025
2023-05-21 21:52:36.076 [warning] [Decorations] CAPPING events from decorations provider vscode.git 2025
2023-05-21 21:52:41.162 [warning] [Decorations] CAPPING events from decorations provider vscode.git 2025
2023-05-21 21:52:46.520 [warning] [Decorations] CAPPING events from decorations provider vscode.git 2025
2023-05-21 21:52:51.601 [warning] [Decorations] CAPPING events from decorations provider vscode.git 2026
2023-05-21 21:52:56.701 [warning] [Decorations] CAPPING events from decorations provider vscode.git 2026
2023-05-21 21:53:01.899 [warning] [Decorations] CAPPING events from decorations provider vscode.git 2026
2023-05-21 21:53:06.993 [warning] [Decorations] CAPPING events from decorations provider vscode.git 2026
2023-05-21 21:53:12.144 [warning] [Decorations] CAPPING events from decorations provider vscode.git 2026
2023-05-21 21:53:17.217 [warning] [Decorations] CAPPING events from decorations provider vscode.git 2026
2023-05-21 21:53:22.303 [warning] [Decorations] CAPPING events from decorations provider vscode.git 2026
2023-05-21 21:53:27.372 [warning] [Decorations] CAPPING events from decorations provider vscode.git 2026
2023-05-21 21:53:30.718 [info] ExtensionService#_doActivateExtension vscode.extension-editing, startup: false, activationEvent: 'onLanguage:ignore'
2023-05-21 21:53:32.586 [warning] [Decorations] CAPPING events from decorations provider vscode.git 2026
2023-05-21 21:53:37.711 [warning] [Decorations] CAPPING events from decorations provider vscode.git 2028
2023-05-21 21:53:42.782 [warning] [Decorations] CAPPING events from decorations provider vscode.git 2027
2023-05-21 21:53:47.852 [warning] [Decorations] CAPPING events from decorations provider vscode.git 2027
2023-05-21 21:53:52.928 [warning] [Decorations] CAPPING events from decorations provider vscode.git 2027
2023-05-21 21:53:58.061 [warning] [Decorations] CAPPING events from decorations provider vscode.git 2027
2023-05-21 21:54:03.279 [warning] [Decorations] CAPPING events from decorations provider vscode.git 2027
2023-05-21 21:54:08.411 [warning] [Decorations] CAPPING events from decorations provider vscode.git 2027
2023-05-21 21:54:13.490 [warning] [Decorations] CAPPING events from decorations provider vscode.git 2027
2023-05-21 21:54:18.700 [warning] [Decorations] CAPPING events from decorations provider vscode.git 2027
2023-05-21 21:54:23.823 [warning] [Decorations] CAPPING events from decorations provider vscode.git 2027
2023-05-21 21:54:28.961 [warning] [Decorations] CAPPING events from decorations provider vscode.git 2027
2023-05-21 21:54:34.131 [warning] [Decorations] CAPPING events from decorations provider vscode.git 2027
2023-05-21 21:54:40.671 [warning] [Decorations] CAPPING events from decorations provider vscode.git 2028
2023-05-21 21:54:45.808 [warning] [Decorations] CAPPING events from decorations provider vscode.git 2028
2023-05-21 21:54:50.873 [warning] [Decorations] CAPPING events from decorations provider vscode.git 2029
2023-05-21 21:54:55.949 [warning] [Decorations] CAPPING events from decorations provider vscode.git 2029
2023-05-21 21:55:01.028 [warning] [Decorations] CAPPING events from decorations provider vscode.git 2029
2023-05-21 21:55:06.131 [warning] [Decorations] CAPPING events from decorations provider vscode.git 2029
2023-05-21 21:55:11.247 [warning] [Decorations] CAPPING events from decorations provider vscode.git 2029
2023-05-21 21:55:16.317 [warning] [Decorations] CAPPING events from decorations provider vscode.git 2029
2023-05-21 21:55:21.424 [warning] [Decorations] CAPPING events from decorations provider vscode.git 2029
2023-05-21 21:55:26.535 [warning] [Decorations] CAPPING events from decorations provider vscode.git 2029
2023-05-21 21:55:31.637 [warning] [Decorations] CAPPING events from decorations provider vscode.git 2029
2023-05-21 21:55:36.713 [warning] [Decorations] CAPPING events from decorations provider vscode.git 2029
2023-05-21 21:55:41.954 [warning] [Decorations] CAPPING events from decorations provider vscode.git 2029
2023-05-21 21:55:47.048 [warning] [Decorations] CAPPING events from decorations provider vscode.git 2029
2023-05-21 21:55:52.115 [warning] [Decorations] CAPPING events from decorations provider vscode.git 2029
2023-05-21 21:55:57.246 [warning] [Decorations] CAPPING events from decorations provider vscode.git 2029
2023-05-21 21:56:02.433 [warning] [Decorations] CAPPING events from decorations provider vscode.git 2029
2023-05-21 21:56:07.534 [warning] [Decorations] CAPPING events from decorations provider vscode.git 2029
2023-05-21 21:56:12.616 [warning] [Decorations] CAPPING events from decorations provider vscode.git 2029
2023-05-21 21:56:17.777 [warning] [Decorations] CAPPING events from decorations provider vscode.git 2029
2023-05-21 21:56:22.939 [warning] [Decorations] CAPPING events from decorations provider vscode.git 2029
2023-05-21 21:56:28.120 [warning] [Decorations] CAPPING events from decorations provider vscode.git 2029
2023-05-21 21:56:33.250 [warning] [Decorations] CAPPING events from decorations provider vscode.git 2029
2023-05-21 21:56:38.444 [warning] [Decorations] CAPPING events from decorations provider vscode.git 2029
2023-05-21 21:56:43.529 [warning] [Decorations] CAPPING events from decorations provider vscode.git 2029
2023-05-21 21:56:48.611 [warning] [Decorations] CAPPING events from decorations provider vscode.git 2029
2023-05-21 21:56:53.752 [warning] [Decorations] CAPPING events from decorations provider vscode.git 2029
2023-05-21 21:56:58.823 [warning] [Decorations] CAPPING events from decorations provider vscode.git 2029
2023-05-21 21:57:03.893 [warning] [Decorations] CAPPING events from decorations provider vscode.git 2029
2023-05-21 21:57:08.980 [warning] [Decorations] CAPPING events from decorations provider vscode.git 2029
2023-05-21 21:57:14.053 [warning] [Decorations] CAPPING events from decorations provider vscode.git 2029
2023-05-21 21:57:19.179 [warning] [Decorations] CAPPING events from decorations provider vscode.git 2029
2023-05-21 21:57:24.254 [warning] [Decorations] CAPPING events from decorations provider vscode.git 2029
2023-05-21 21:57:29.364 [warning] [Decorations] CAPPING events from decorations provider vscode.git 2029
2023-05-21 21:57:34.456 [warning] [Decorations] CAPPING events from decorations provider vscode.git 2029
2023-05-21 21:57:39.550 [warning] [Decorations] CAPPING events from decorations provider vscode.git 2029
2023-05-21 21:57:44.667 [warning] [Decorations] CAPPING events from decorations provider vscode.git 2029
2023-05-21 21:57:49.748 [warning] [Decorations] CAPPING events from decorations provider vscode.git 2029
2023-05-21 21:57:54.823 [warning] [Decorations] CAPPING events from decorations provider vscode.git 2029
2023-05-21 21:57:59.983 [warning] [Decorations] CAPPING events from decorations provider vscode.git 2029
2023-05-21 21:58:05.091 [warning] [Decorations] CAPPING events from decorations provider vscode.git 2031
2023-05-21 21:58:10.158 [warning] [Decorations] CAPPING events from decorations provider vscode.git 2031
2023-05-21 21:58:15.240 [warning] [Decorations] CAPPING events from decorations provider vscode.git 2031
2023-05-21 21:58:20.357 [warning] [Decorations] CAPPING events from decorations provider vscode.git 2031
2023-05-21 21:58:25.589 [warning] [Decorations] CAPPING events from decorations provider vscode.git 2031
2023-05-21 21:58:30.661 [warning] [Decorations] CAPPING events from decorations provider vscode.git 2031
2023-05-21 21:58:35.785 [warning] [Decorations] CAPPING events from decorations provider vscode.git 2031
2023-05-21 21:58:40.887 [warning] [Decorations] CAPPING events from decorations provider vscode.git 2031
2023-05-21 21:58:45.962 [warning] [Decorations] CAPPING events from decorations provider vscode.git 2031
2023-05-21 21:58:51.063 [warning] [Decorations] CAPPING events from decorations provider vscode.git 2031
2023-05-21 21:58:56.209 [warning] [Decorations] CAPPING events from decorations provider vscode.git 2031
2023-05-21 21:59:01.285 [warning] [Decorations] CAPPING events from decorations provider vscode.git 2031
2023-05-21 21:59:06.359 [warning] [Decorations] CAPPING events from decorations provider vscode.git 2031
2023-05-21 21:59:11.466 [warning] [Decorations] CAPPING events from decorations provider vscode.git 2031
2023-05-21 21:59:16.633 [warning] [Decorations] CAPPING events from decorations provider vscode.git 2031
2023-05-21 21:59:21.705 [warning] [Decorations] CAPPING events from decorations provider vscode.git 2031
2023-05-21 21:59:26.866 [warning] [Decorations] CAPPING events from decorations provider vscode.git 2031
2023-05-21 21:59:31.978 [warning] [Decorations] CAPPING events from decorations provider vscode.git 2031
2023-05-21 21:59:37.045 [warning] [Decorations] CAPPING events from decorations provider vscode.git 2031
2023-05-21 21:59:42.122 [warning] [Decorations] CAPPING events from decorations provider vscode.git 2031
2023-05-21 21:59:47.238 [warning] [Decorations] CAPPING events from decorations provider vscode.git 2031
2023-05-21 21:59:52.315 [warning] [Decorations] CAPPING events from decorations provider vscode.git 2031
2023-05-21 21:59:57.441 [warning] [Decorations] CAPPING events from decorations provider vscode.git 2031
2023-05-21 22:00:03.099 [warning] [Decorations] CAPPING events from decorations provider vscode.git 2031
2023-05-21 22:00:08.250 [warning] [Decorations] CAPPING events from decorations provider vscode.git 2031
2023-05-21 22:00:13.370 [warning] [Decorations] CAPPING events from decorations provider vscode.git 2031
2023-05-21 22:00:18.506 [warning] [Decorations] CAPPING events from decorations provider vscode.git 2031
2023-05-21 22:00:23.584 [warning] [Decorations] CAPPING events from decorations provider vscode.git 2031
2023-05-21 22:00:28.658 [warning] [Decorations] CAPPING events from decorations provider vscode.git 2031
2023-05-21 22:00:33.875 [warning] [Decorations] CAPPING events from decorations provider vscode.git 2031
2023-05-21 22:00:38.953 [warning] [Decorations] CAPPING events from decorations provider vscode.git 2031
2023-05-21 22:00:44.040 [warning] [Decorations] CAPPING events from decorations provider vscode.git 2031
2023-05-21 22:00:49.163 [warning] [Decorations] CAPPING events from decorations provider vscode.git 2031
2023-05-21 22:00:54.294 [warning] [Decorations] CAPPING events from decorations provider vscode.git 2031
2023-05-21 22:00:59.372 [warning] [Decorations] CAPPING events from decorations provider vscode.git 2031
2023-05-21 22:01:04.485 [warning] [Decorations] CAPPING events from decorations provider vscode.git 2031
2023-05-21 22:01:09.546 [warning] [Decorations] CAPPING events from decorations provider vscode.git 2031
2023-05-21 22:01:14.625 [warning] [Decorations] CAPPING events from decorations provider vscode.git 2031
2023-05-21 22:01:19.709 [warning] [Decorations] CAPPING events from decorations provider vscode.git 2031
2023-05-21 22:01:24.792 [warning] [Decorations] CAPPING events from decorations provider vscode.git 2031
2023-05-21 22:01:29.852 [warning] [Decorations] CAPPING events from decorations provider vscode.git 2031
2023-05-21 22:01:34.970 [warning] [Decorations] CAPPING events from decorations provider vscode.git 2031
2023-05-21 22:01:40.124 [warning] [Decorations] CAPPING events from decorations provider vscode.git 2031
2023-05-21 22:01:45.193 [warning] [Decorations] CAPPING events from decorations provider vscode.git 2031
2023-05-21 22:01:50.351 [warning] [Decorations] CAPPING events from decorations provider vscode.git 2031
2023-05-21 22:01:55.412 [warning] [Decorations] CAPPING events from decorations provider vscode.git 2031
2023-05-21 22:02:00.504 [warning] [Decorations] CAPPING events from decorations provider vscode.git 2031
2023-05-21 22:02:05.596 [warning] [Decorations] CAPPING events from decorations provider vscode.git 2031
2023-05-21 22:02:11.124 [warning] [Decorations] CAPPING events from decorations provider vscode.git 2031
2023-05-21 22:02:16.351 [warning] [Decorations] CAPPING events from decorations provider vscode.git 2031
2023-05-21 22:02:21.427 [warning] [Decorations] CAPPING events from decorations provider vscode.git 2031
2023-05-21 22:02:26.511 [warning] [Decorations] CAPPING events from decorations provider vscode.git 2031
2023-05-21 22:02:31.587 [warning] [Decorations] CAPPING events from decorations provider vscode.git 2031
2023-05-21 22:02:36.656 [warning] [Decorations] CAPPING events from decorations provider vscode.git 2031
2023-05-21 22:02:41.760 [warning] [Decorations] CAPPING events from decorations provider vscode.git 2031
2023-05-21 22:02:46.845 [warning] [Decorations] CAPPING events from decorations provider vscode.git 2031
2023-05-21 22:02:51.945 [warning] [Decorations] CAPPING events from decorations provider vscode.git 2031
2023-05-21 22:02:57.160 [warning] [Decorations] CAPPING events from decorations provider vscode.git 2031
2023-05-21 22:03:02.239 [warning] [Decorations] CAPPING events from decorations provider vscode.git 2031
2023-05-21 22:03:07.420 [warning] [Decorations] CAPPING events from decorations provider vscode.git 2031
2023-05-21 22:03:12.520 [warning] [Decorations] CAPPING events from decorations provider vscode.git 2031
2023-05-21 22:03:17.602 [warning] [Decorations] CAPPING events from decorations provider vscode.git 2031
2023-05-21 22:03:22.747 [warning] [Decorations] CAPPING events from decorations provider vscode.git 2031
2023-05-21 22:03:27.827 [warning] [Decorations] CAPPING events from decorations provider vscode.git 2031
2023-05-21 22:03:32.902 [warning] [Decorations] CAPPING events from decorations provider vscode.git 2031
2023-05-21 22:03:38.017 [warning] [Decorations] CAPPING events from decorations provider vscode.git 2031
2023-05-21 22:03:43.083 [warning] [Decorations] CAPPING events from decorations provider vscode.git 2031
2023-05-21 22:03:48.172 [warning] [Decorations] CAPPING events from decorations provider vscode.git 2031
2023-05-21 22:03:53.319 [warning] [Decorations] CAPPING events from decorations provider vscode.git 2031
2023-05-21 22:03:58.379 [warning] [Decorations] CAPPING events from decorations provider vscode.git 2031
2023-05-21 22:04:03.445 [warning] [Decorations] CAPPING events from decorations provider vscode.git 2031
2023-05-21 22:04:08.513 [warning] [Decorations] CAPPING events from decorations provider vscode.git 2031
2023-05-21 22:04:13.612 [warning] [Decorations] CAPPING events from decorations provider vscode.git 2031
2023-05-21 22:04:18.730 [warning] [Decorations] CAPPING events from decorations provider vscode.git 2031
2023-05-21 22:04:23.796 [warning] [Decorations] CAPPING events from decorations provider vscode.git 2031
2023-05-21 22:04:28.890 [warning] [Decorations] CAPPING events from decorations provider vscode.git 2031
2023-05-21 22:04:33.964 [warning] [Decorations] CAPPING events from decorations provider vscode.git 2031
2023-05-21 22:04:39.078 [warning] [Decorations] CAPPING events from decorations provider vscode.git 2031
2023-05-21 22:04:44.200 [warning] [Decorations] CAPPING events from decorations provider vscode.git 2031
2023-05-21 22:04:49.271 [warning] [Decorations] CAPPING events from decorations provider vscode.git 2031
2023-05-21 22:04:54.384 [warning] [Decorations] CAPPING events from decorations provider vscode.git 2031
2023-05-21 22:04:59.503 [warning] [Decorations] CAPPING events from decorations provider vscode.git 2031
2023-05-21 22:05:04.631 [warning] [Decorations] CAPPING events from decorations provider vscode.git 2031
2023-05-21 22:05:09.720 [warning] [Decorations] CAPPING events from decorations provider vscode.git 2031
2023-05-21 22:05:14.831 [warning] [Decorations] CAPPING events from decorations provider vscode.git 2031
2023-05-21 22:05:19.931 [warning] [Decorations] CAPPING events from decorations provider vscode.git 2031
2023-05-21 22:05:25.006 [warning] [Decorations] CAPPING events from decorations provider vscode.git 2031
2023-05-21 22:05:30.151 [warning] [Decorations] CAPPING events from decorations provider vscode.git 2031
2023-05-21 22:05:35.242 [warning] [Decorations] CAPPING events from decorations provider vscode.git 2031
2023-05-21 22:05:40.359 [warning] [Decorations] CAPPING events from decorations provider vscode.git 2031
2023-05-21 22:05:45.594 [warning] [Decorations] CAPPING events from decorations provider vscode.git 2031
2023-05-21 22:05:50.756 [warning] [Decorations] CAPPING events from decorations provider vscode.git 2031
2023-05-21 22:05:55.839 [warning] [Decorations] CAPPING events from decorations provider vscode.git 2031
2023-05-21 22:06:00.909 [warning] [Decorations] CAPPING events from decorations provider vscode.git 2031
2023-05-21 22:06:05.997 [warning] [Decorations] CAPPING events from decorations provider vscode.git 2031
2023-05-21 22:06:11.086 [warning] [Decorations] CAPPING events from decorations provider vscode.git 2031
2023-05-21 22:06:16.236 [warning] [Decorations] CAPPING events from decorations provider vscode.git 2031
2023-05-21 22:06:21.332 [warning] [Decorations] CAPPING events from decorations provider vscode.git 2031
2023-05-21 22:06:26.404 [warning] [Decorations] CAPPING events from decorations provider vscode.git 2031
2023-05-21 22:07:28.497 [warning] [Decorations] CAPPING events from decorations provider vscode.git 2031
2023-05-21 22:07:33.590 [warning] [Decorations] CAPPING events from decorations provider vscode.git 2031
2023-05-21 22:07:38.709 [warning] [Decorations] CAPPING events from decorations provider vscode.git 2031
2023-05-21 22:07:43.802 [warning] [Decorations] CAPPING events from decorations provider vscode.git 2031
2023-05-21 22:07:49.039 [warning] [Decorations] CAPPING events from decorations provider vscode.git 2031
2023-05-21 22:07:54.147 [warning] [Decorations] CAPPING events from decorations provider vscode.git 2031
2023-05-21 22:07:59.863 [warning] [Decorations] CAPPING events from decorations provider vscode.git 2031
2023-05-21 22:08:05.002 [warning] [Decorations] CAPPING events from decorations provider vscode.git 2031
2023-05-21 22:08:10.091 [warning] [Decorations] CAPPING events from decorations provider vscode.git 2031
2023-05-21 22:08:15.231 [warning] [Decorations] CAPPING events from decorations provider vscode.git 2031
2023-05-21 22:08:20.298 [warning] [Decorations] CAPPING events from decorations provider vscode.git 2031
2023-05-21 22:08:25.437 [warning] [Decorations] CAPPING events from decorations provider vscode.git 2031
2023-05-21 22:08:30.521 [warning] [Decorations] CAPPING events from decorations provider vscode.git 2031
2023-05-21 22:08:35.632 [warning] [Decorations] CAPPING events from decorations provider vscode.git 2031
2023-05-21 22:08:40.706 [warning] [Decorations] CAPPING events from decorations provider vscode.git 2031
2023-05-21 22:08:45.832 [warning] [Decorations] CAPPING events from decorations provider vscode.git 2031
2023-05-21 22:08:50.901 [warning] [Decorations] CAPPING events from decorations provider vscode.git 2031
2023-05-21 22:08:55.983 [warning] [Decorations] CAPPING events from decorations provider vscode.git 2031
2023-05-21 22:09:01.190 [warning] [Decorations] CAPPING events from decorations provider vscode.git 2031
2023-05-21 22:09:06.332 [warning] [Decorations] CAPPING events from decorations provider vscode.git 2031
2023-05-21 22:09:11.564 [warning] [Decorations] CAPPING events from decorations provider vscode.git 2031
2023-05-21 22:09:16.641 [warning] [Decorations] CAPPING events from decorations provider vscode.git 2031
2023-05-21 22:09:21.784 [warning] [Decorations] CAPPING events from decorations provider vscode.git 2031
2023-05-21 22:09:26.850 [warning] [Decorations] CAPPING events from decorations provider vscode.git 2031
2023-05-21 22:09:31.999 [warning] [Decorations] CAPPING events from decorations provider vscode.git 2031
2023-05-21 22:09:37.095 [warning] [Decorations] CAPPING events from decorations provider vscode.git 2031
2023-05-21 22:09:42.365 [warning] [Decorations] CAPPING events from decorations provider vscode.git 2031
2023-05-21 22:09:47.435 [warning] [Decorations] CAPPING events from decorations provider vscode.git 2031
2023-05-21 22:09:52.633 [warning] [Decorations] CAPPING events from decorations provider vscode.git 2031
2023-05-21 22:09:57.756 [warning] [Decorations] CAPPING events from decorations provider vscode.git 2031
2023-05-21 22:10:02.886 [warning] [Decorations] CAPPING events from decorations provider vscode.git 2031
2023-05-21 22:10:07.975 [warning] [Decorations] CAPPING events from decorations provider vscode.git 2031
2023-05-21 22:10:13.164 [warning] [Decorations] CAPPING events from decorations provider vscode.git 2031
2023-05-21 22:10:18.358 [warning] [Decorations] CAPPING events from decorations provider vscode.git 2031
2023-05-21 22:10:23.428 [warning] [Decorations] CAPPING events from decorations provider vscode.git 2031
2023-05-21 22:10:28.494 [warning] [Decorations] CAPPING events from decorations provider vscode.git 2031
2023-05-21 22:10:33.635 [warning] [Decorations] CAPPING events from decorations provider vscode.git 2031
2023-05-21 22:10:38.708 [warning] [Decorations] CAPPING events from decorations provider vscode.git 2031
2023-05-21 22:10:43.838 [warning] [Decorations] CAPPING events from decorations provider vscode.git 2031
2023-05-21 22:10:48.904 [warning] [Decorations] CAPPING events from decorations provider vscode.git 2031
2023-05-21 22:10:54.041 [warning] [Decorations] CAPPING events from decorations provider vscode.git 2031
2023-05-21 22:10:59.112 [warning] [Decorations] CAPPING events from decorations provider vscode.git 2031
2023-05-21 22:11:04.263 [warning] [Decorations] CAPPING events from decorations provider vscode.git 2031
2023-05-21 22:11:09.330 [warning] [Decorations] CAPPING events from decorations provider vscode.git 2031
2023-05-21 22:11:14.449 [warning] [Decorations] CAPPING events from decorations provider vscode.git 2031
2023-05-21 22:11:19.533 [warning] [Decorations] CAPPING events from decorations provider vscode.git 2031
2023-05-21 22:11:24.612 [warning] [Decorations] CAPPING events from decorations provider vscode.git 2031
2023-05-21 22:11:29.673 [warning] [Decorations] CAPPING events from decorations provider vscode.git 2031
2023-05-21 22:11:34.808 [warning] [Decorations] CAPPING events from decorations provider vscode.git 2031
2023-05-21 22:11:39.876 [warning] [Decorations] CAPPING events from decorations provider vscode.git 2031
2023-05-21 22:11:45.114 [warning] [Decorations] CAPPING events from decorations provider vscode.git 2031
2023-05-21 22:11:50.184 [warning] [Decorations] CAPPING events from decorations provider vscode.git 2031
2023-05-21 22:11:55.272 [warning] [Decorations] CAPPING events from decorations provider vscode.git 2031
2023-05-21 22:12:00.344 [warning] [Decorations] CAPPING events from decorations provider vscode.git 2031
2023-05-21 22:12:05.519 [warning] [Decorations] CAPPING events from decorations provider vscode.git 2031
2023-05-21 22:12:10.591 [warning] [Decorations] CAPPING events from decorations provider vscode.git 2031
2023-05-21 22:12:15.658 [warning] [Decorations] CAPPING events from decorations provider vscode.git 2031
2023-05-21 22:12:20.734 [warning] [Decorations] CAPPING events from decorations provider vscode.git 2031
2023-05-21 22:12:25.893 [warning] [Decorations] CAPPING events from decorations provider vscode.git 2031
2023-05-21 22:12:31.400 [warning] [Decorations] CAPPING events from decorations provider vscode.git 2031
2023-05-21 22:12:36.634 [warning] [Decorations] CAPPING events from decorations provider vscode.git 2031
2023-05-21 22:12:41.758 [warning] [Decorations] CAPPING events from decorations provider vscode.git 2031
2023-05-21 22:12:46.827 [warning] [Decorations] CAPPING events from decorations provider vscode.git 2031
2023-05-21 22:12:51.979 [warning] [Decorations] CAPPING events from decorations provider vscode.git 2031
2023-05-21 22:12:57.058 [warning] [Decorations] CAPPING events from decorations provider vscode.git 2031
2023-05-21 22:13:02.309 [warning] [Decorations] CAPPING events from decorations provider vscode.git 2031
2023-05-21 22:13:07.390 [warning] [Decorations] CAPPING events from decorations provider vscode.git 2031
2023-05-21 22:13:12.458 [warning] [Decorations] CAPPING events from decorations provider vscode.git 2031
2023-05-21 22:13:17.580 [warning] [Decorations] CAPPING events from decorations provider vscode.git 2031
2023-05-21 22:13:22.655 [warning] [Decorations] CAPPING events from decorations provider vscode.git 2031
2023-05-21 22:13:27.780 [warning] [Decorations] CAPPING events from decorations provider vscode.git 2031
2023-05-21 22:13:32.858 [warning] [Decorations] CAPPING events from decorations provider vscode.git 2031
2023-05-21 22:13:38.011 [warning] [Decorations] CAPPING events from decorations provider vscode.git 2031
2023-05-21 22:13:43.184 [warning] [Decorations] CAPPING events from decorations provider vscode.git 2031
2023-05-21 22:13:48.268 [warning] [Decorations] CAPPING events from decorations provider vscode.git 2031
2023-05-21 22:13:53.342 [warning] [Decorations] CAPPING events from decorations provider vscode.git 2031
2023-05-21 22:13:58.449 [warning] [Decorations] CAPPING events from decorations provider vscode.git 2031
2023-05-21 22:14:03.506 [warning] [Decorations] CAPPING events from decorations provider vscode.git 2031
2023-05-21 22:14:08.617 [warning] [Decorations] CAPPING events from decorations provider vscode.git 2031
2023-05-21 22:14:13.692 [warning] [Decorations] CAPPING events from decorations provider vscode.git 2031
2023-05-21 22:14:18.815 [warning] [Decorations] CAPPING events from decorations provider vscode.git 2031
2023-05-21 22:14:23.897 [warning] [Decorations] CAPPING events from decorations provider vscode.git 2031
2023-05-21 22:14:28.980 [warning] [Decorations] CAPPING events from decorations provider vscode.git 2031
2023-05-21 22:14:34.088 [warning] [Decorations] CAPPING events from decorations provider vscode.git 2031
2023-05-21 22:14:39.225 [warning] [Decorations] CAPPING events from decorations provider vscode.git 2031
2023-05-21 22:14:44.303 [warning] [Decorations] CAPPING events from decorations provider vscode.git 2031
2023-05-21 22:14:49.368 [warning] [Decorations] CAPPING events from decorations provider vscode.git 2031
2023-05-21 22:14:54.446 [warning] [Decorations] CAPPING events from decorations provider vscode.git 2031
2023-05-21 22:14:59.510 [warning] [Decorations] CAPPING events from decorations provider vscode.git 2031
2023-05-21 22:15:04.658 [warning] [Decorations] CAPPING events from decorations provider vscode.git 2031
2023-05-21 22:15:09.731 [warning] [Decorations] CAPPING events from decorations provider vscode.git 2031
2023-05-21 22:15:14.795 [warning] [Decorations] CAPPING events from decorations provider vscode.git 2031
2023-05-21 22:15:19.914 [warning] [Decorations] CAPPING events from decorations provider vscode.git 2031
2023-05-21 22:15:25.110 [warning] [Decorations] CAPPING events from decorations provider vscode.git 2031
2023-05-21 22:15:30.244 [warning] [Decorations] CAPPING events from decorations provider vscode.git 2031
2023-05-21 22:15:35.360 [warning] [Decorations] CAPPING events from decorations provider vscode.git 2031
2023-05-21 22:15:40.435 [warning] [Decorations] CAPPING events from decorations provider vscode.git 2031
2023-05-21 22:15:45.512 [warning] [Decorations] CAPPING events from decorations provider vscode.git 2031
2023-05-21 22:15:50.579 [warning] [Decorations] CAPPING events from decorations provider vscode.git 2031
2023-05-21 22:15:55.652 [warning] [Decorations] CAPPING events from decorations provider vscode.git 2031
2023-05-21 22:16:00.735 [warning] [Decorations] CAPPING events from decorations provider vscode.git 2031
2023-05-21 22:16:05.824 [warning] [Decorations] CAPPING events from decorations provider vscode.git 2031
2023-05-21 22:16:10.909 [warning] [Decorations] CAPPING events from decorations provider vscode.git 2031
2023-05-21 22:16:15.995 [warning] [Decorations] CAPPING events from decorations provider vscode.git 2031
2023-05-21 22:16:21.071 [warning] [Decorations] CAPPING events from decorations provider vscode.git 2031
2023-05-21 22:16:26.238 [warning] [Decorations] CAPPING events from decorations provider vscode.git 2031
2023-05-21 22:16:31.348 [warning] [Decorations] CAPPING events from decorations provider vscode.git 2031
2023-05-21 22:16:36.415 [warning] [Decorations] CAPPING events from decorations provider vscode.git 2031
2023-05-21 22:16:41.489 [warning] [Decorations] CAPPING events from decorations provider vscode.git 2031
2023-05-21 22:16:46.555 [warning] [Decorations] CAPPING events from decorations provider vscode.git 2031
2023-05-21 22:16:51.643 [warning] [Decorations] CAPPING events from decorations provider vscode.git 2031
2023-05-21 22:16:56.791 [warning] [Decorations] CAPPING events from decorations provider vscode.git 2031
2023-05-21 22:17:02.026 [warning] [Decorations] CAPPING events from decorations provider vscode.git 2031
2023-05-21 22:17:07.184 [warning] [Decorations] CAPPING events from decorations provider vscode.git 2031
2023-05-21 22:17:12.266 [warning] [Decorations] CAPPING events from decorations provider vscode.git 2031
2023-05-21 22:17:17.339 [warning] [Decorations] CAPPING events from decorations provider vscode.git 2031
2023-05-21 22:17:22.538 [warning] [Decorations] CAPPING events from decorations provider vscode.git 2031
2023-05-21 22:17:27.653 [warning] [Decorations] CAPPING events from decorations provider vscode.git 2031
2023-05-21 22:17:32.738 [warning] [Decorations] CAPPING events from decorations provider vscode.git 2031
2023-05-21 22:17:37.808 [warning] [Decorations] CAPPING events from decorations provider vscode.git 2031
2023-05-21 22:17:42.873 [warning] [Decorations] CAPPING events from decorations provider vscode.git 2031
2023-05-21 22:17:47.989 [warning] [Decorations] CAPPING events from decorations provider vscode.git 2031
2023-05-21 22:17:53.082 [warning] [Decorations] CAPPING events from decorations provider vscode.git 2031
2023-05-21 22:17:58.252 [warning] [Decorations] CAPPING events from decorations provider vscode.git 2031
2023-05-21 22:18:03.351 [warning] [Decorations] CAPPING events from decorations provider vscode.git 2031
2023-05-21 22:18:08.450 [warning] [Decorations] CAPPING events from decorations provider vscode.git 2031
2023-05-21 22:18:13.641 [warning] [Decorations] CAPPING events from decorations provider vscode.git 2031
2023-05-21 22:18:18.720 [warning] [Decorations] CAPPING events from decorations provider vscode.git 2031
2023-05-21 22:18:23.784 [warning] [Decorations] CAPPING events from decorations provider vscode.git 2031
2023-05-21 22:18:28.848 [warning] [Decorations] CAPPING events from decorations provider vscode.git 2031
2023-05-21 22:18:33.944 [warning] [Decorations] CAPPING events from decorations provider vscode.git 2031
2023-05-21 22:18:39.050 [warning] [Decorations] CAPPING events from decorations provider vscode.git 2031
2023-05-21 22:18:44.134 [warning] [Decorations] CAPPING events from decorations provider vscode.git 2031
2023-05-21 22:18:49.268 [warning] [Decorations] CAPPING events from decorations provider vscode.git 2031
2023-05-21 22:18:54.349 [warning] [Decorations] CAPPING events from decorations provider vscode.git 2031
2023-05-21 22:18:59.426 [warning] [Decorations] CAPPING events from decorations provider vscode.git 2031
2023-05-21 22:19:04.637 [warning] [Decorations] CAPPING events from decorations provider vscode.git 2031
2023-05-21 22:19:09.811 [warning] [Decorations] CAPPING events from decorations provider vscode.git 2031
2023-05-21 22:19:14.904 [warning] [Decorations] CAPPING events from decorations provider vscode.git 2031
2023-05-21 22:19:19.966 [warning] [Decorations] CAPPING events from decorations provider vscode.git 2031
2023-05-21 22:19:25.064 [warning] [Decorations] CAPPING events from decorations provider vscode.git 2031
2023-05-21 22:19:30.159 [warning] [Decorations] CAPPING events from decorations provider vscode.git 2031
2023-05-21 22:19:35.273 [warning] [Decorations] CAPPING events from decorations provider vscode.git 2031
2023-05-21 22:19:40.426 [warning] [Decorations] CAPPING events from decorations provider vscode.git 2031
2023-05-21 22:19:45.614 [warning] [Decorations] CAPPING events from decorations provider vscode.git 2031
2023-05-21 22:19:50.763 [warning] [Decorations] CAPPING events from decorations provider vscode.git 2031
2023-05-21 22:19:55.858 [warning] [Decorations] CAPPING events from decorations provider vscode.git 2031
2023-05-21 22:20:00.979 [warning] [Decorations] CAPPING events from decorations provider vscode.git 2031
2023-05-21 22:20:06.193 [warning] [Decorations] CAPPING events from decorations provider vscode.git 2030
2023-05-21 22:20:11.277 [warning] [Decorations] CAPPING events from decorations provider vscode.git 2030
2023-05-21 22:20:16.391 [warning] [Decorations] CAPPING events from decorations provider vscode.git 2030
2023-05-21 22:20:21.457 [warning] [Decorations] CAPPING events from decorations provider vscode.git 2030
2023-05-21 22:20:26.525 [warning] [Decorations] CAPPING events from decorations provider vscode.git 2030
2023-05-21 22:20:31.635 [warning] [Decorations] CAPPING events from decorations provider vscode.git 2030
2023-05-21 22:20:36.710 [warning] [Decorations] CAPPING events from decorations provider vscode.git 2030
2023-05-21 22:20:41.954 [warning] [Decorations] CAPPING events from decorations provider vscode.git 2030
2023-05-21 22:20:47.052 [warning] [Decorations] CAPPING events from decorations provider vscode.git 2030
2023-05-21 22:20:52.146 [warning] [Decorations] CAPPING events from decorations provider vscode.git 2030
2023-05-21 22:20:57.243 [warning] [Decorations] CAPPING events from decorations provider vscode.git 2030
2023-05-21 22:21:02.377 [warning] [Decorations] CAPPING events from decorations provider vscode.git 2030
2023-05-21 22:21:07.538 [warning] [Decorations] CAPPING events from decorations provider vscode.git 2030
2023-05-21 22:21:12.621 [warning] [Decorations] CAPPING events from decorations provider vscode.git 2030
2023-05-21 22:21:17.690 [warning] [Decorations] CAPPING events from decorations provider vscode.git 2030
2023-05-21 22:21:22.831 [warning] [Decorations] CAPPING events from decorations provider vscode.git 2030
2023-05-21 22:21:27.902 [warning] [Decorations] CAPPING events from decorations provider vscode.git 2030
2023-05-21 22:21:33.021 [warning] [Decorations] CAPPING events from decorations provider vscode.git 2030
2023-05-21 22:21:38.165 [warning] [Decorations] CAPPING events from decorations provider vscode.git 2030
2023-05-21 22:21:43.258 [warning] [Decorations] CAPPING events from decorations provider vscode.git 2030
2023-05-21 22:21:48.453 [warning] [Decorations] CAPPING events from decorations provider vscode.git 2030
2023-05-21 22:21:53.529 [warning] [Decorations] CAPPING events from decorations provider vscode.git 2030
2023-05-21 22:21:58.637 [warning] [Decorations] CAPPING events from decorations provider vscode.git 2030
2023-05-21 22:22:04.347 [warning] [Decorations] CAPPING events from decorations provider vscode.git 2030
2023-05-21 22:22:09.428 [warning] [Decorations] CAPPING events from decorations provider vscode.git 2030
2023-05-21 22:22:14.507 [warning] [Decorations] CAPPING events from decorations provider vscode.git 2030
2023-05-21 22:22:19.738 [warning] [Decorations] CAPPING events from decorations provider vscode.git 2030
2023-05-21 22:22:24.810 [warning] [Decorations] CAPPING events from decorations provider vscode.git 2030
2023-05-21 22:22:29.885 [warning] [Decorations] CAPPING events from decorations provider vscode.git 2030
2023-05-21 22:22:34.979 [warning] [Decorations] CAPPING events from decorations provider vscode.git 2030
2023-05-21 22:22:40.168 [warning] [Decorations] CAPPING events from decorations provider vscode.git 2030
2023-05-21 22:22:45.281 [warning] [Decorations] CAPPING events from decorations provider vscode.git 2030
2023-05-21 22:22:50.347 [warning] [Decorations] CAPPING events from decorations provider vscode.git 2030
2023-05-21 22:22:55.409 [warning] [Decorations] CAPPING events from decorations provider vscode.git 2030
2023-05-21 22:23:00.616 [warning] [Decorations] CAPPING events from decorations provider vscode.git 2030
2023-05-21 22:23:05.746 [warning] [Decorations] CAPPING events from decorations provider vscode.git 2030
2023-05-21 22:23:10.844 [warning] [Decorations] CAPPING events from decorations provider vscode.git 2030
2023-05-21 22:23:15.906 [warning] [Decorations] CAPPING events from decorations provider vscode.git 2030
2023-05-21 22:23:20.985 [warning] [Decorations] CAPPING events from decorations provider vscode.git 2030
2023-05-21 22:23:26.131 [warning] [Decorations] CAPPING events from decorations provider vscode.git 2030
2023-05-21 22:23:31.203 [warning] [Decorations] CAPPING events from decorations provider vscode.git 2030
2023-05-21 22:23:36.288 [warning] [Decorations] CAPPING events from decorations provider vscode.git 2030
2023-05-21 22:23:41.407 [warning] [Decorations] CAPPING events from decorations provider vscode.git 2030
2023-05-21 22:23:46.472 [warning] [Decorations] CAPPING events from decorations provider vscode.git 2030
2023-05-21 22:23:51.545 [warning] [Decorations] CAPPING events from decorations provider vscode.git 2030
2023-05-21 22:23:56.678 [warning] [Decorations] CAPPING events from decorations provider vscode.git 2030
2023-05-21 22:24:01.876 [warning] [Decorations] CAPPING events from decorations provider vscode.git 2030
2023-05-21 22:24:07.020 [warning] [Decorations] CAPPING events from decorations provider vscode.git 2030
2023-05-21 22:24:12.090 [warning] [Decorations] CAPPING events from decorations provider vscode.git 2030
2023-05-21 22:24:17.159 [warning] [Decorations] CAPPING events from decorations provider vscode.git 2030
2023-05-21 22:24:22.245 [warning] [Decorations] CAPPING events from decorations provider vscode.git 2030
2023-05-21 22:24:27.358 [warning] [Decorations] CAPPING events from decorations provider vscode.git 2030
2023-05-21 22:24:32.453 [warning] [Decorations] CAPPING events from decorations provider vscode.git 2030
2023-05-21 22:24:37.518 [warning] [Decorations] CAPPING events from decorations provider vscode.git 2030
2023-05-21 22:24:42.580 [warning] [Decorations] CAPPING events from decorations provider vscode.git 2030
2023-05-21 22:24:47.661 [warning] [Decorations] CAPPING events from decorations provider vscode.git 2030
2023-05-21 22:24:52.779 [warning] [Decorations] CAPPING events from decorations provider vscode.git 2030
2023-05-21 22:24:57.847 [warning] [Decorations] CAPPING events from decorations provider vscode.git 2030
2023-05-21 22:25:02.931 [warning] [Decorations] CAPPING events from decorations provider vscode.git 2030
2023-05-21 22:25:08.059 [warning] [Decorations] CAPPING events from decorations provider vscode.git 2030
2023-05-21 22:25:13.168 [warning] [Decorations] CAPPING events from decorations provider vscode.git 2030
2023-05-21 22:25:18.322 [warning] [Decorations] CAPPING events from decorations provider vscode.git 2030
2023-05-21 22:25:23.395 [warning] [Decorations] CAPPING events from decorations provider vscode.git 2030
2023-05-21 22:25:28.512 [warning] [Decorations] CAPPING events from decorations provider vscode.git 2030
2023-05-21 22:25:33.623 [warning] [Decorations] CAPPING events from decorations provider vscode.git 2030
2023-05-21 22:25:38.704 [warning] [Decorations] CAPPING events from decorations provider vscode.git 2030
2023-05-21 22:25:43.820 [warning] [Decorations] CAPPING events from decorations provider vscode.git 2030
2023-05-21 22:25:48.917 [warning] [Decorations] CAPPING events from decorations provider vscode.git 2030
2023-05-21 22:25:54.006 [warning] [Decorations] CAPPING events from decorations provider vscode.git 2030
2023-05-21 22:25:59.235 [warning] [Decorations] CAPPING events from decorations provider vscode.git 2030
2023-05-21 22:26:04.307 [warning] [Decorations] CAPPING events from decorations provider vscode.git 2030
2023-05-21 22:26:09.373 [warning] [Decorations] CAPPING events from decorations provider vscode.git 2030
2023-05-21 22:26:14.501 [warning] [Decorations] CAPPING events from decorations provider vscode.git 2030
2023-05-21 22:26:19.578 [warning] [Decorations] CAPPING events from decorations provider vscode.git 2030
2023-05-21 22:26:24.695 [warning] [Decorations] CAPPING events from decorations provider vscode.git 2030
2023-05-21 22:26:29.849 [warning] [Decorations] CAPPING events from decorations provider vscode.git 2030
2023-05-21 22:26:34.929 [warning] [Decorations] CAPPING events from decorations provider vscode.git 2030
2023-05-21 22:26:40.009 [warning] [Decorations] CAPPING events from decorations provider vscode.git 2030
2023-05-21 22:26:45.148 [warning] [Decorations] CAPPING events from decorations provider vscode.git 2030
2023-05-21 22:26:50.244 [warning] [Decorations] CAPPING events from decorations provider vscode.git 2030
2023-05-21 22:26:55.343 [warning] [Decorations] CAPPING events from decorations provider vscode.git 2030
2023-05-21 22:27:00.503 [warning] [Decorations] CAPPING events from decorations provider vscode.git 2030
2023-05-21 22:27:05.570 [warning] [Decorations] CAPPING events from decorations provider vscode.git 2030
2023-05-21 22:27:10.645 [warning] [Decorations] CAPPING events from decorations provider vscode.git 2030
2023-05-21 22:27:15.748 [warning] [Decorations] CAPPING events from decorations provider vscode.git 2030
2023-05-21 22:27:20.823 [warning] [Decorations] CAPPING events from decorations provider vscode.git 2030
2023-05-21 22:27:27.408 [warning] [Decorations] CAPPING events from decorations provider vscode.git 2030
2023-05-21 22:27:32.477 [warning] [Decorations] CAPPING events from decorations provider vscode.git 2030
2023-05-21 22:27:37.747 [warning] [Decorations] CAPPING events from decorations provider vscode.git 2030
2023-05-21 22:27:42.829 [warning] [Decorations] CAPPING events from decorations provider vscode.git 2030
2023-05-21 22:27:47.908 [warning] [Decorations] CAPPING events from decorations provider vscode.git 2030
2023-05-21 22:27:53.084 [warning] [Decorations] CAPPING events from decorations provider vscode.git 2030
2023-05-21 22:27:58.175 [warning] [Decorations] CAPPING events from decorations provider vscode.git 2030
2023-05-21 22:28:03.334 [warning] [Decorations] CAPPING events from decorations provider vscode.git 2030
2023-05-21 22:28:08.469 [warning] [Decorations] CAPPING events from decorations provider vscode.git 2030
2023-05-21 22:28:13.538 [warning] [Decorations] CAPPING events from decorations provider vscode.git 2030
2023-05-21 22:28:18.646 [warning] [Decorations] CAPPING events from decorations provider vscode.git 2030
2023-05-21 22:28:23.719 [warning] [Decorations] CAPPING events from decorations provider vscode.git 2030
2023-05-21 22:28:28.793 [warning] [Decorations] CAPPING events from decorations provider vscode.git 2030
2023-05-21 22:28:33.858 [warning] [Decorations] CAPPING events from decorations provider vscode.git 2030
2023-05-21 22:28:38.933 [warning] [Decorations] CAPPING events from decorations provider vscode.git 2030
2023-05-21 22:28:44.008 [warning] [Decorations] CAPPING events from decorations provider vscode.git 2030
2023-05-21 22:28:49.080 [warning] [Decorations] CAPPING events from decorations provider vscode.git 2030
2023-05-21 22:28:54.216 [warning] [Decorations] CAPPING events from decorations provider vscode.git 2030
2023-05-21 22:28:59.312 [warning] [Decorations] CAPPING events from decorations provider vscode.git 2030
2023-05-21 22:29:04.409 [warning] [Decorations] CAPPING events from decorations provider vscode.git 2030
2023-05-21 22:29:09.598 [warning] [Decorations] CAPPING events from decorations provider vscode.git 2030
2023-05-21 22:29:14.687 [warning] [Decorations] CAPPING events from decorations provider vscode.git 2030
2023-05-21 22:29:19.920 [warning] [Decorations] CAPPING events from decorations provider vscode.git 2030
2023-05-21 22:29:24.994 [warning] [Decorations] CAPPING events from decorations provider vscode.git 2030
2023-05-21 22:29:30.135 [warning] [Decorations] CAPPING events from decorations provider vscode.git 2030
2023-05-21 22:29:35.201 [warning] [Decorations] CAPPING events from decorations provider vscode.git 2030
2023-05-21 22:29:40.282 [warning] [Decorations] CAPPING events from decorations provider vscode.git 2030
2023-05-21 22:29:45.436 [warning] [Decorations] CAPPING events from decorations provider vscode.git 2030
2023-05-21 22:29:50.572 [warning] [Decorations] CAPPING events from decorations provider vscode.git 2030
2023-05-21 22:29:55.653 [warning] [Decorations] CAPPING events from decorations provider vscode.git 2030
2023-05-21 22:30:00.972 [warning] [Decorations] CAPPING events from decorations provider vscode.git 2030
2023-05-21 22:30:06.106 [warning] [Decorations] CAPPING events from decorations provider vscode.git 2030
2023-05-21 22:30:11.285 [warning] [Decorations] CAPPING events from decorations provider vscode.git 2030
2023-05-21 22:30:16.345 [warning] [Decorations] CAPPING events from decorations provider vscode.git 2030
2023-05-21 22:31:05.894 [warning] [Decorations] CAPPING events from decorations provider vscode.git 2030
2023-05-21 22:31:10.971 [warning] [Decorations] CAPPING events from decorations provider vscode.git 2030
2023-05-21 22:31:16.112 [warning] [Decorations] CAPPING events from decorations provider vscode.git 2030
2023-05-21 22:31:21.177 [warning] [Decorations] CAPPING events from decorations provider vscode.git 2030
2023-05-21 22:31:26.298 [warning] [Decorations] CAPPING events from decorations provider vscode.git 2030
2023-05-21 22:31:31.438 [warning] [Decorations] CAPPING events from decorations provider vscode.git 2030
2023-05-21 22:31:36.709 [warning] [Decorations] CAPPING events from decorations provider vscode.git 2030
2023-05-21 22:31:41.796 [warning] [Decorations] CAPPING events from decorations provider vscode.git 2030
2023-05-21 22:31:47.119 [warning] [Decorations] CAPPING events from decorations provider vscode.git 2030
2023-05-21 22:31:52.213 [warning] [Decorations] CAPPING events from decorations provider vscode.git 2030
2023-05-21 22:31:57.324 [warning] [Decorations] CAPPING events from decorations provider vscode.git 2030
2023-05-21 22:32:02.412 [warning] [Decorations] CAPPING events from decorations provider vscode.git 2030
2023-05-21 22:32:07.506 [warning] [Decorations] CAPPING events from decorations provider vscode.git 2030
2023-05-21 22:32:12.639 [warning] [Decorations] CAPPING events from decorations provider vscode.git 2030
2023-05-21 22:32:18.155 [warning] [Decorations] CAPPING events from decorations provider vscode.git 2030
2023-05-21 22:32:23.237 [warning] [Decorations] CAPPING events from decorations provider vscode.git 2030
2023-05-21 22:32:28.377 [warning] [Decorations] CAPPING events from decorations provider vscode.git 2030
2023-05-21 22:32:33.517 [warning] [Decorations] CAPPING events from decorations provider vscode.git 2030
2023-05-21 22:32:39.157 [warning] [Decorations] CAPPING events from decorations provider vscode.git 2030
2023-05-21 22:32:44.224 [warning] [Decorations] CAPPING events from decorations provider vscode.git 2030
2023-05-21 22:32:49.295 [warning] [Decorations] CAPPING events from decorations provider vscode.git 2030
2023-05-21 22:32:54.366 [warning] [Decorations] CAPPING events from decorations provider vscode.git 2030
2023-05-21 22:32:59.430 [warning] [Decorations] CAPPING events from decorations provider vscode.git 2030
2023-05-21 22:33:04.504 [warning] [Decorations] CAPPING events from decorations provider vscode.git 2030
2023-05-21 22:33:09.573 [warning] [Decorations] CAPPING events from decorations provider vscode.git 2030
2023-05-21 22:33:14.723 [warning] [Decorations] CAPPING events from decorations provider vscode.git 2030
2023-05-21 22:33:19.811 [warning] [Decorations] CAPPING events from decorations provider vscode.git 2030
2023-05-21 22:33:24.889 [warning] [Decorations] CAPPING events from decorations provider vscode.git 2030
2023-05-21 22:33:30.001 [warning] [Decorations] CAPPING events from decorations provider vscode.git 2030
2023-05-21 22:33:35.462 [warning] [Decorations] CAPPING events from decorations provider vscode.git 2030
2023-05-21 22:33:40.587 [warning] [Decorations] CAPPING events from decorations provider vscode.git 2030
2023-05-21 22:33:45.659 [warning] [Decorations] CAPPING events from decorations provider vscode.git 2030
2023-05-21 22:33:50.730 [warning] [Decorations] CAPPING events from decorations provider vscode.git 2030
2023-05-21 22:33:55.839 [warning] [Decorations] CAPPING events from decorations provider vscode.git 2030
2023-05-21 22:34:00.914 [warning] [Decorations] CAPPING events from decorations provider vscode.git 2030
2023-05-21 22:34:05.984 [warning] [Decorations] CAPPING events from decorations provider vscode.git 2030
2023-05-21 22:34:11.080 [warning] [Decorations] CAPPING events from decorations provider vscode.git 2030
2023-05-21 22:34:16.151 [warning] [Decorations] CAPPING events from decorations provider vscode.git 2030
2023-05-21 22:34:21.309 [warning] [Decorations] CAPPING events from decorations provider vscode.git 2030
2023-05-21 22:34:26.439 [warning] [Decorations] CAPPING events from decorations provider vscode.git 2030
2023-05-21 22:34:31.577 [warning] [Decorations] CAPPING events from decorations provider vscode.git 2030
2023-05-21 22:34:36.718 [warning] [Decorations] CAPPING events from decorations provider vscode.git 2030
2023-05-21 22:34:41.902 [warning] [Decorations] CAPPING events from decorations provider vscode.git 2030
2023-05-21 22:34:46.977 [warning] [Decorations] CAPPING events from decorations provider vscode.git 2030
2023-05-21 22:34:52.058 [warning] [Decorations] CAPPING events from decorations provider vscode.git 2030
2023-05-21 22:34:57.191 [warning] [Decorations] CAPPING events from decorations provider vscode.git 2030
2023-05-21 22:35:02.281 [warning] [Decorations] CAPPING events from decorations provider vscode.git 2030
2023-05-21 22:35:07.459 [warning] [Decorations] CAPPING events from decorations provider vscode.git 2030
2023-05-21 22:35:12.600 [warning] [Decorations] CAPPING events from decorations provider vscode.git 2030
2023-05-21 22:35:17.691 [warning] [Decorations] CAPPING events from decorations provider vscode.git 2030
2023-05-21 22:35:22.901 [warning] [Decorations] CAPPING events from decorations provider vscode.git 2030
2023-05-21 22:35:27.967 [warning] [Decorations] CAPPING events from decorations provider vscode.git 2030
2023-05-21 22:35:33.042 [warning] [Decorations] CAPPING events from decorations provider vscode.git 2030
2023-05-21 22:35:38.106 [warning] [Decorations] CAPPING events from decorations provider vscode.git 2030
2023-05-21 22:35:43.174 [warning] [Decorations] CAPPING events from decorations provider vscode.git 2030
2023-05-21 22:35:48.243 [warning] [Decorations] CAPPING events from decorations provider vscode.git 2030
2023-05-21 22:35:53.423 [warning] [Decorations] CAPPING events from decorations provider vscode.git 2030
2023-05-21 22:35:58.554 [warning] [Decorations] CAPPING events from decorations provider vscode.git 2030
2023-05-21 22:36:03.855 [warning] [Decorations] CAPPING events from decorations provider vscode.git 2030
2023-05-21 22:36:08.971 [warning] [Decorations] CAPPING events from decorations provider vscode.git 2030
2023-05-21 22:36:14.055 [warning] [Decorations] CAPPING events from decorations provider vscode.git 2030
2023-05-21 22:36:19.153 [warning] [Decorations] CAPPING events from decorations provider vscode.git 2030
2023-05-21 22:36:24.278 [warning] [Decorations] CAPPING events from decorations provider vscode.git 2030
2023-05-21 22:36:29.359 [warning] [Decorations] CAPPING events from decorations provider vscode.git 2030
2023-05-21 22:36:34.502 [warning] [Decorations] CAPPING events from decorations provider vscode.git 2030
2023-05-21 22:36:39.577 [warning] [Decorations] CAPPING events from decorations provider vscode.git 2030
2023-05-21 22:36:44.696 [warning] [Decorations] CAPPING events from decorations provider vscode.git 2030
2023-05-21 22:36:49.801 [warning] [Decorations] CAPPING events from decorations provider vscode.git 2030
2023-05-21 22:36:55.310 [warning] [Decorations] CAPPING events from decorations provider vscode.git 2030
2023-05-21 22:37:00.408 [warning] [Decorations] CAPPING events from decorations provider vscode.git 2030
2023-05-21 22:37:05.482 [warning] [Decorations] CAPPING events from decorations provider vscode.git 2030
2023-05-21 22:37:10.617 [warning] [Decorations] CAPPING events from decorations provider vscode.git 2030
2023-05-21 22:37:15.875 [warning] [Decorations] CAPPING events from decorations provider vscode.git 2030
2023-05-21 22:37:21.004 [warning] [Decorations] CAPPING events from decorations provider vscode.git 2030
2023-05-21 22:37:26.161 [warning] [Decorations] CAPPING events from decorations provider vscode.git 2030
2023-05-21 22:37:31.253 [warning] [Decorations] CAPPING events from decorations provider vscode.git 2030
2023-05-21 22:37:36.319 [warning] [Decorations] CAPPING events from decorations provider vscode.git 2030
2023-05-21 22:37:41.447 [warning] [Decorations] CAPPING events from decorations provider vscode.git 2030
2023-05-21 22:37:46.513 [warning] [Decorations] CAPPING events from decorations provider vscode.git 2030
2023-05-21 22:37:51.581 [warning] [Decorations] CAPPING events from decorations provider vscode.git 2030
2023-05-21 22:37:56.696 [warning] [Decorations] CAPPING events from decorations provider vscode.git 2030
2023-05-21 22:38:01.778 [warning] [Decorations] CAPPING events from decorations provider vscode.git 2030
2023-05-21 22:38:07.024 [warning] [Decorations] CAPPING events from decorations provider vscode.git 2030
2023-05-21 22:38:12.113 [warning] [Decorations] CAPPING events from decorations provider vscode.git 2030
2023-05-21 22:38:17.188 [warning] [Decorations] CAPPING events from decorations provider vscode.git 2030
2023-05-21 22:38:22.250 [warning] [Decorations] CAPPING events from decorations provider vscode.git 2030
2023-05-21 22:38:27.315 [warning] [Decorations] CAPPING events from decorations provider vscode.git 2030
2023-05-21 22:38:32.382 [warning] [Decorations] CAPPING events from decorations provider vscode.git 2030
2023-05-21 22:38:37.460 [warning] [Decorations] CAPPING events from decorations provider vscode.git 2030
2023-05-21 22:38:42.547 [warning] [Decorations] CAPPING events from decorations provider vscode.git 2030
2023-05-21 22:38:47.627 [warning] [Decorations] CAPPING events from decorations provider vscode.git 2030
2023-05-21 22:38:52.724 [warning] [Decorations] CAPPING events from decorations provider vscode.git 2030
2023-05-21 22:38:57.803 [warning] [Decorations] CAPPING events from decorations provider vscode.git 2030
2023-05-21 22:39:03.117 [warning] [Decorations] CAPPING events from decorations provider vscode.git 2030
2023-05-21 22:39:08.220 [warning] [Decorations] CAPPING events from decorations provider vscode.git 2030
2023-05-21 22:39:13.303 [warning] [Decorations] CAPPING events from decorations provider vscode.git 2030
2023-05-21 22:39:18.368 [warning] [Decorations] CAPPING events from decorations provider vscode.git 2030
2023-05-21 22:39:23.435 [warning] [Decorations] CAPPING events from decorations provider vscode.git 2030
2023-05-21 22:39:28.585 [warning] [Decorations] CAPPING events from decorations provider vscode.git 2030
2023-05-21 22:39:33.663 [warning] [Decorations] CAPPING events from decorations provider vscode.git 2030
2023-05-21 22:39:38.736 [warning] [Decorations] CAPPING events from decorations provider vscode.git 2030
2023-05-21 22:39:43.861 [warning] [Decorations] CAPPING events from decorations provider vscode.git 2030
2023-05-21 22:39:48.932 [warning] [Decorations] CAPPING events from decorations provider vscode.git 2030
2023-05-21 22:39:54.035 [warning] [Decorations] CAPPING events from decorations provider vscode.git 2030
2023-05-21 22:39:59.093 [warning] [Decorations] CAPPING events from decorations provider vscode.git 2030
2023-05-21 22:40:04.172 [warning] [Decorations] CAPPING events from decorations provider vscode.git 2030
2023-05-21 22:40:09.320 [warning] [Decorations] CAPPING events from decorations provider vscode.git 2030
2023-05-21 22:40:14.382 [warning] [Decorations] CAPPING events from decorations provider vscode.git 2030
2023-05-21 22:40:19.491 [warning] [Decorations] CAPPING events from decorations provider vscode.git 2030
2023-05-21 22:40:24.571 [warning] [Decorations] CAPPING events from decorations provider vscode.git 2030
2023-05-21 22:40:29.644 [warning] [Decorations] CAPPING events from decorations provider vscode.git 2030
2023-05-21 22:40:34.779 [warning] [Decorations] CAPPING events from decorations provider vscode.git 2030
2023-05-21 22:40:39.842 [warning] [Decorations] CAPPING events from decorations provider vscode.git 2030
2023-05-21 22:40:44.987 [warning] [Decorations] CAPPING events from decorations provider vscode.git 2030
2023-05-21 22:40:50.069 [warning] [Decorations] CAPPING events from decorations provider vscode.git 2030
2023-05-21 22:40:55.154 [warning] [Decorations] CAPPING events from decorations provider vscode.git 2030
2023-05-21 22:41:00.395 [warning] [Decorations] CAPPING events from decorations provider vscode.git 2030
2023-05-21 22:41:05.534 [warning] [Decorations] CAPPING events from decorations provider vscode.git 2030
2023-05-21 22:41:10.600 [warning] [Decorations] CAPPING events from decorations provider vscode.git 2030
2023-05-21 22:41:15.674 [warning] [Decorations] CAPPING events from decorations provider vscode.git 2030
2023-05-21 22:41:20.747 [warning] [Decorations] CAPPING events from decorations provider vscode.git 2030
2023-05-21 22:41:25.817 [warning] [Decorations] CAPPING events from decorations provider vscode.git 2030
2023-05-21 22:41:30.885 [warning] [Decorations] CAPPING events from decorations provider vscode.git 2030
2023-05-21 22:41:36.078 [warning] [Decorations] CAPPING events from decorations provider vscode.git 2030
2023-05-21 22:41:41.169 [warning] [Decorations] CAPPING events from decorations provider vscode.git 2030
2023-05-21 22:41:46.296 [warning] [Decorations] CAPPING events from decorations provider vscode.git 2030
2023-05-21 22:41:51.377 [warning] [Decorations] CAPPING events from decorations provider vscode.git 2030
2023-05-21 22:41:56.469 [warning] [Decorations] CAPPING events from decorations provider vscode.git 2030
2023-05-21 22:42:01.545 [warning] [Decorations] CAPPING events from decorations provider vscode.git 2030
2023-05-21 22:42:06.630 [warning] [Decorations] CAPPING events from decorations provider vscode.git 2030
2023-05-21 22:42:11.705 [warning] [Decorations] CAPPING events from decorations provider vscode.git 2030
2023-05-21 22:42:16.781 [warning] [Decorations] CAPPING events from decorations provider vscode.git 2030
2023-05-21 22:42:21.845 [warning] [Decorations] CAPPING events from decorations provider vscode.git 2030
2023-05-21 22:42:26.908 [warning] [Decorations] CAPPING events from decorations provider vscode.git 2030
2023-05-21 22:42:32.025 [warning] [Decorations] CAPPING events from decorations provider vscode.git 2030
2023-05-21 22:42:37.715 [warning] [Decorations] CAPPING events from decorations provider vscode.git 2030
2023-05-21 22:42:42.785 [warning] [Decorations] CAPPING events from decorations provider vscode.git 2030
2023-05-21 22:42:47.945 [warning] [Decorations] CAPPING events from decorations provider vscode.git 2030
2023-05-21 22:42:53.022 [warning] [Decorations] CAPPING events from decorations provider vscode.git 2030
2023-05-21 22:42:58.176 [warning] [Decorations] CAPPING events from decorations provider vscode.git 2030
2023-05-21 22:43:03.437 [warning] [Decorations] CAPPING events from decorations provider vscode.git 2030
2023-05-21 22:43:08.553 [warning] [Decorations] CAPPING events from decorations provider vscode.git 2030
2023-05-21 22:43:13.655 [warning] [Decorations] CAPPING events from decorations provider vscode.git 2030
2023-05-21 22:43:18.793 [warning] [Decorations] CAPPING events from decorations provider vscode.git 2030
2023-05-21 22:43:23.885 [warning] [Decorations] CAPPING events from decorations provider vscode.git 2030
2023-05-21 22:43:28.954 [warning] [Decorations] CAPPING events from decorations provider vscode.git 2030
2023-05-21 22:43:34.062 [warning] [Decorations] CAPPING events from decorations provider vscode.git 2030
2023-05-21 22:43:39.144 [warning] [Decorations] CAPPING events from decorations provider vscode.git 2030
2023-05-21 22:43:44.273 [warning] [Decorations] CAPPING events from decorations provider vscode.git 2030
2023-05-21 22:43:49.363 [warning] [Decorations] CAPPING events from decorations provider vscode.git 2030
2023-05-21 22:43:54.451 [warning] [Decorations] CAPPING events from decorations provider vscode.git 2030
2023-05-21 22:43:59.518 [warning] [Decorations] CAPPING events from decorations provider vscode.git 2030
2023-05-21 22:44:04.586 [warning] [Decorations] CAPPING events from decorations provider vscode.git 2030
2023-05-21 22:44:09.653 [warning] [Decorations] CAPPING events from decorations provider vscode.git 2030
2023-05-21 22:44:14.739 [warning] [Decorations] CAPPING events from decorations provider vscode.git 2030
2023-05-21 22:44:19.899 [warning] [Decorations] CAPPING events from decorations provider vscode.git 2030
2023-05-21 22:44:25.022 [warning] [Decorations] CAPPING events from decorations provider vscode.git 2030
2023-05-21 22:44:30.139 [warning] [Decorations] CAPPING events from decorations provider vscode.git 2030
2023-05-21 22:44:35.285 [warning] [Decorations] CAPPING events from decorations provider vscode.git 2030
2023-05-21 22:44:40.367 [warning] [Decorations] CAPPING events from decorations provider vscode.git 2030
2023-05-21 22:44:45.480 [warning] [Decorations] CAPPING events from decorations provider vscode.git 2030
2023-05-21 22:44:50.605 [warning] [Decorations] CAPPING events from decorations provider vscode.git 2030
2023-05-21 22:44:55.671 [warning] [Decorations] CAPPING events from decorations provider vscode.git 2030
2023-05-21 22:45:00.742 [warning] [Decorations] CAPPING events from decorations provider vscode.git 2030
2023-05-21 22:45:05.878 [warning] [Decorations] CAPPING events from decorations provider vscode.git 2030
2023-05-21 22:45:10.941 [warning] [Decorations] CAPPING events from decorations provider vscode.git 2030
2023-05-21 22:45:16.507 [warning] [Decorations] CAPPING events from decorations provider vscode.git 2030
2023-05-21 22:45:21.594 [warning] [Decorations] CAPPING events from decorations provider vscode.git 2030
2023-05-21 22:45:26.674 [warning] [Decorations] CAPPING events from decorations provider vscode.git 2030
2023-05-21 22:45:31.890 [warning] [Decorations] CAPPING events from decorations provider vscode.git 2030
2023-05-21 22:45:36.982 [warning] [Decorations] CAPPING events from decorations provider vscode.git 2030
2023-05-21 22:45:42.101 [warning] [Decorations] CAPPING events from decorations provider vscode.git 2030
2023-05-21 22:45:47.270 [warning] [Decorations] CAPPING events from decorations provider vscode.git 2030
2023-05-21 22:45:52.346 [warning] [Decorations] CAPPING events from decorations provider vscode.git 2030
2023-05-21 22:45:57.433 [warning] [Decorations] CAPPING events from decorations provider vscode.git 2030
2023-05-21 22:46:02.581 [warning] [Decorations] CAPPING events from decorations provider vscode.git 2030
2023-05-21 22:46:07.664 [warning] [Decorations] CAPPING events from decorations provider vscode.git 2030
2023-05-21 22:46:12.843 [warning] [Decorations] CAPPING events from decorations provider vscode.git 2030
2023-05-21 22:46:17.967 [warning] [Decorations] CAPPING events from decorations provider vscode.git 2030
2023-05-21 22:46:23.063 [warning] [Decorations] CAPPING events from decorations provider vscode.git 2030
2023-05-21 22:46:28.282 [warning] [Decorations] CAPPING events from decorations provider vscode.git 2030
2023-05-21 22:46:33.364 [warning] [Decorations] CAPPING events from decorations provider vscode.git 2030
2023-05-21 22:46:38.433 [warning] [Decorations] CAPPING events from decorations provider vscode.git 2030
2023-05-21 22:46:43.554 [warning] [Decorations] CAPPING events from decorations provider vscode.git 2030
2023-05-21 22:46:48.639 [warning] [Decorations] CAPPING events from decorations provider vscode.git 2030
2023-05-21 22:46:53.790 [warning] [Decorations] CAPPING events from decorations provider vscode.git 2030
2023-05-21 22:46:58.862 [warning] [Decorations] CAPPING events from decorations provider vscode.git 2030
2023-05-21 22:47:03.989 [warning] [Decorations] CAPPING events from decorations provider vscode.git 2030
2023-05-21 22:47:09.080 [warning] [Decorations] CAPPING events from decorations provider vscode.git 2030
2023-05-21 22:47:14.167 [warning] [Decorations] CAPPING events from decorations provider vscode.git 2030
2023-05-21 22:47:19.240 [warning] [Decorations] CAPPING events from decorations provider vscode.git 2030
2023-05-21 22:47:24.311 [warning] [Decorations] CAPPING events from decorations provider vscode.git 2030
2023-05-21 22:47:29.444 [warning] [Decorations] CAPPING events from decorations provider vscode.git 2030
2023-05-21 22:47:34.510 [warning] [Decorations] CAPPING events from decorations provider vscode.git 2030
2023-05-21 22:47:39.593 [warning] [Decorations] CAPPING events from decorations provider vscode.git 2030
2023-05-21 22:47:44.725 [warning] [Decorations] CAPPING events from decorations provider vscode.git 2030
2023-05-21 22:47:49.834 [warning] [Decorations] CAPPING events from decorations provider vscode.git 2030
2023-05-21 22:47:54.910 [warning] [Decorations] CAPPING events from decorations provider vscode.git 2030
2023-05-21 22:48:00.333 [warning] [Decorations] CAPPING events from decorations provider vscode.git 2030
2023-05-21 22:48:05.474 [warning] [Decorations] CAPPING events from decorations provider vscode.git 2030
2023-05-21 22:48:10.556 [warning] [Decorations] CAPPING events from decorations provider vscode.git 2030
2023-05-21 22:48:15.697 [warning] [Decorations] CAPPING events from decorations provider vscode.git 2030
2023-05-21 22:48:20.826 [warning] [Decorations] CAPPING events from decorations provider vscode.git 2030
2023-05-21 22:48:25.890 [warning] [Decorations] CAPPING events from decorations provider vscode.git 2030
2023-05-21 22:48:30.957 [warning] [Decorations] CAPPING events from decorations provider vscode.git 2030
2023-05-21 22:48:36.062 [warning] [Decorations] CAPPING events from decorations provider vscode.git 2030
2023-05-21 22:48:41.149 [warning] [Decorations] CAPPING events from decorations provider vscode.git 2031
2023-05-21 22:48:46.243 [warning] [Decorations] CAPPING events from decorations provider vscode.git 2033
2023-05-21 22:48:51.331 [warning] [Decorations] CAPPING events from decorations provider vscode.git 2033
2023-05-21 22:48:56.435 [warning] [Decorations] CAPPING events from decorations provider vscode.git 2033
2023-05-21 22:49:01.503 [warning] [Decorations] CAPPING events from decorations provider vscode.git 2033
2023-05-21 22:49:06.640 [warning] [Decorations] CAPPING events from decorations provider vscode.git 2033
2023-05-21 22:49:11.744 [warning] [Decorations] CAPPING events from decorations provider vscode.git 2033
2023-05-21 22:49:16.910 [warning] [Decorations] CAPPING events from decorations provider vscode.git 2033
2023-05-21 22:49:22.045 [warning] [Decorations] CAPPING events from decorations provider vscode.git 2033
2023-05-21 22:49:27.107 [warning] [Decorations] CAPPING events from decorations provider vscode.git 2033
2023-05-21 22:49:32.193 [warning] [Decorations] CAPPING events from decorations provider vscode.git 2032
2023-05-21 22:49:37.272 [warning] [Decorations] CAPPING events from decorations provider vscode.git 2032
2023-05-21 22:49:42.339 [warning] [Decorations] CAPPING events from decorations provider vscode.git 2032
2023-05-21 22:49:47.465 [warning] [Decorations] CAPPING events from decorations provider vscode.git 2032
2023-05-21 22:49:52.536 [warning] [Decorations] CAPPING events from decorations provider vscode.git 2032
2023-05-21 22:49:57.624 [warning] [Decorations] CAPPING events from decorations provider vscode.git 2032
2023-05-21 22:50:03.133 [warning] [Decorations] CAPPING events from decorations provider vscode.git 2032
2023-05-21 22:50:08.245 [warning] [Decorations] CAPPING events from decorations provider vscode.git 2032
2023-05-21 22:50:13.667 [warning] [Decorations] CAPPING events from decorations provider vscode.git 2032
2023-05-21 22:50:18.758 [warning] [Decorations] CAPPING events from decorations provider vscode.git 2032
2023-05-21 22:50:23.836 [warning] [Decorations] CAPPING events from decorations provider vscode.git 2032
2023-05-21 22:50:28.947 [warning] [Decorations] CAPPING events from decorations provider vscode.git 2033
2023-05-21 22:50:34.483 [warning] [Decorations] CAPPING events from decorations provider vscode.git 2033
2023-05-21 22:50:39.552 [warning] [Decorations] CAPPING events from decorations provider vscode.git 2033
2023-05-21 22:50:44.659 [warning] [Decorations] CAPPING events from decorations provider vscode.git 2033
2023-05-21 22:50:49.752 [warning] [Decorations] CAPPING events from decorations provider vscode.git 2033
2023-05-21 22:50:54.823 [warning] [Decorations] CAPPING events from decorations provider vscode.git 2033
2023-05-21 22:50:59.902 [warning] [Decorations] CAPPING events from decorations provider vscode.git 2033
2023-05-21 22:51:04.962 [warning] [Decorations] CAPPING events from decorations provider vscode.git 2033
2023-05-21 22:51:10.042 [warning] [Decorations] CAPPING events from decorations provider vscode.git 2033
2023-05-21 22:51:15.169 [warning] [Decorations] CAPPING events from decorations provider vscode.git 2033
2023-05-21 22:51:20.239 [warning] [Decorations] CAPPING events from decorations provider vscode.git 2033
2023-05-21 22:51:25.321 [warning] [Decorations] CAPPING events from decorations provider vscode.git 2033
2023-05-21 22:51:30.447 [warning] [Decorations] CAPPING events from decorations provider vscode.git 2033
2023-05-21 22:51:35.568 [warning] [Decorations] CAPPING events from decorations provider vscode.git 2033
2023-05-21 22:51:40.691 [warning] [Decorations] CAPPING events from decorations provider vscode.git 2033
2023-05-21 22:51:45.758 [warning] [Decorations] CAPPING events from decorations provider vscode.git 2033
2023-05-21 22:51:50.836 [warning] [Decorations] CAPPING events from decorations provider vscode.git 2033
2023-05-21 22:51:55.909 [warning] [Decorations] CAPPING events from decorations provider vscode.git 2033
2023-05-21 22:52:00.975 [warning] [Decorations] CAPPING events from decorations provider vscode.git 2033
2023-05-21 22:52:06.041 [warning] [Decorations] CAPPING events from decorations provider vscode.git 2033
2023-05-21 22:52:11.120 [warning] [Decorations] CAPPING events from decorations provider vscode.git 2033
2023-05-21 22:52:16.238 [warning] [Decorations] CAPPING events from decorations provider vscode.git 2033
2023-05-21 22:52:21.304 [warning] [Decorations] CAPPING events from decorations provider vscode.git 2032
2023-05-21 22:52:26.376 [warning] [Decorations] CAPPING events from decorations provider vscode.git 2032
2023-05-21 22:52:31.465 [warning] [Decorations] CAPPING events from decorations provider vscode.git 2032
2023-05-21 22:52:36.570 [warning] [Decorations] CAPPING events from decorations provider vscode.git 2032
2023-05-21 22:52:41.640 [warning] [Decorations] CAPPING events from decorations provider vscode.git 2032
2023-05-21 22:52:46.709 [warning] [Decorations] CAPPING events from decorations provider vscode.git 2032
2023-05-21 22:52:51.838 [warning] [Decorations] CAPPING events from decorations provider vscode.git 2032
2023-05-21 22:52:56.915 [warning] [Decorations] CAPPING events from decorations provider vscode.git 2032
2023-05-21 22:53:02.021 [warning] [Decorations] CAPPING events from decorations provider vscode.git 2032
2023-05-21 22:53:07.144 [warning] [Decorations] CAPPING events from decorations provider vscode.git 2032
2023-05-21 22:53:12.250 [warning] [Decorations] CAPPING events from decorations provider vscode.git 2032
2023-05-21 22:53:17.320 [warning] [Decorations] CAPPING events from decorations provider vscode.git 2032
2023-05-21 22:53:22.451 [warning] [Decorations] CAPPING events from decorations provider vscode.git 2032
2023-05-21 22:53:27.528 [warning] [Decorations] CAPPING events from decorations provider vscode.git 2032
2023-05-21 22:53:32.637 [warning] [Decorations] CAPPING events from decorations provider vscode.git 2032
2023-05-21 22:53:37.704 [warning] [Decorations] CAPPING events from decorations provider vscode.git 2032
2023-05-21 22:53:42.781 [warning] [Decorations] CAPPING events from decorations provider vscode.git 2032
2023-05-21 22:53:47.907 [warning] [Decorations] CAPPING events from decorations provider vscode.git 2032
2023-05-21 22:53:52.987 [warning] [Decorations] CAPPING events from decorations provider vscode.git 2032
2023-05-21 22:53:58.056 [warning] [Decorations] CAPPING events from decorations provider vscode.git 2032
2023-05-21 22:54:03.192 [warning] [Decorations] CAPPING events from decorations provider vscode.git 2032
2023-05-21 22:54:08.267 [warning] [Decorations] CAPPING events from decorations provider vscode.git 2032
2023-05-21 22:54:13.351 [warning] [Decorations] CAPPING events from decorations provider vscode.git 2032
2023-05-21 22:54:18.453 [warning] [Decorations] CAPPING events from decorations provider vscode.git 2032
2023-05-21 22:54:23.515 [warning] [Decorations] CAPPING events from decorations provider vscode.git 2032
2023-05-21 22:54:28.587 [warning] [Decorations] CAPPING events from decorations provider vscode.git 2032
2023-05-21 22:54:33.885 [warning] [Decorations] CAPPING events from decorations provider vscode.git 2032
2023-05-21 22:54:38.961 [warning] [Decorations] CAPPING events from decorations provider vscode.git 2032
2023-05-21 22:54:44.041 [warning] [Decorations] CAPPING events from decorations provider vscode.git 2032
2023-05-21 22:54:49.182 [warning] [Decorations] CAPPING events from decorations provider vscode.git 2032
2023-05-21 22:54:54.280 [warning] [Decorations] CAPPING events from decorations provider vscode.git 2032
2023-05-21 22:54:59.344 [warning] [Decorations] CAPPING events from decorations provider vscode.git 2032
2023-05-21 22:55:04.449 [warning] [Decorations] CAPPING events from decorations provider vscode.git 2032
2023-05-21 22:55:09.555 [warning] [Decorations] CAPPING events from decorations provider vscode.git 2032
2023-05-21 22:55:14.724 [warning] [Decorations] CAPPING events from decorations provider vscode.git 2032
2023-05-21 22:55:19.827 [warning] [Decorations] CAPPING events from decorations provider vscode.git 2032
2023-05-21 22:55:24.897 [warning] [Decorations] CAPPING events from decorations provider vscode.git 2032
2023-05-21 22:55:30.017 [warning] [Decorations] CAPPING events from decorations provider vscode.git 2032
2023-05-21 22:55:35.088 [warning] [Decorations] CAPPING events from decorations provider vscode.git 2032
2023-05-21 22:55:40.167 [warning] [Decorations] CAPPING events from decorations provider vscode.git 2032
2023-05-21 22:55:45.236 [warning] [Decorations] CAPPING events from decorations provider vscode.git 2032
2023-05-21 22:55:50.302 [warning] [Decorations] CAPPING events from decorations provider vscode.git 2032
2023-05-21 22:55:55.367 [warning] [Decorations] CAPPING events from decorations provider vscode.git 2032
2023-05-21 22:56:00.471 [warning] [Decorations] CAPPING events from decorations provider vscode.git 2033
2023-05-21 22:56:05.539 [warning] [Decorations] CAPPING events from decorations provider vscode.git 2033
2023-05-21 22:56:10.608 [warning] [Decorations] CAPPING events from decorations provider vscode.git 2033
2023-05-21 22:56:15.822 [warning] [Decorations] CAPPING events from decorations provider vscode.git 2033
2023-05-21 22:56:20.899 [warning] [Decorations] CAPPING events from decorations provider vscode.git 2033
2023-05-21 22:56:25.977 [warning] [Decorations] CAPPING events from decorations provider vscode.git 2033
2023-05-21 22:56:31.075 [warning] [Decorations] CAPPING events from decorations provider vscode.git 2034
2023-05-21 22:56:36.153 [warning] [Decorations] CAPPING events from decorations provider vscode.git 2033
2023-05-21 22:56:41.223 [warning] [Decorations] CAPPING events from decorations provider vscode.git 2033
2023-05-21 22:56:46.331 [warning] [Decorations] CAPPING events from decorations provider vscode.git 2033
2023-05-21 22:56:51.406 [warning] [Decorations] CAPPING events from decorations provider vscode.git 2033
2023-05-21 22:56:56.478 [warning] [Decorations] CAPPING events from decorations provider vscode.git 2033
2023-05-21 22:57:01.549 [warning] [Decorations] CAPPING events from decorations provider vscode.git 2033
2023-05-21 22:57:06.626 [warning] [Decorations] CAPPING events from decorations provider vscode.git 2033
2023-05-21 22:57:11.758 [warning] [Decorations] CAPPING events from decorations provider vscode.git 2033
2023-05-21 22:57:16.833 [warning] [Decorations] CAPPING events from decorations provider vscode.git 2033
2023-05-21 22:57:21.919 [warning] [Decorations] CAPPING events from decorations provider vscode.git 2033
2023-05-21 22:57:27.059 [warning] [Decorations] CAPPING events from decorations provider vscode.git 2033
2023-05-21 22:57:32.199 [warning] [Decorations] CAPPING events from decorations provider vscode.git 2033
2023-05-21 22:57:37.276 [warning] [Decorations] CAPPING events from decorations provider vscode.git 2033
2023-05-21 22:57:42.393 [warning] [Decorations] CAPPING events from decorations provider vscode.git 2033
2023-05-21 22:57:47.550 [warning] [Decorations] CAPPING events from decorations provider vscode.git 2033
2023-05-21 22:57:52.655 [warning] [Decorations] CAPPING events from decorations provider vscode.git 2033
2023-05-21 22:57:57.782 [warning] [Decorations] CAPPING events from decorations provider vscode.git 2033
2023-05-21 22:58:02.976 [warning] [Decorations] CAPPING events from decorations provider vscode.git 2033
2023-05-21 22:58:08.158 [warning] [Decorations] CAPPING events from decorations provider vscode.git 2033
2023-05-21 22:58:13.422 [warning] [Decorations] CAPPING events from decorations provider vscode.git 2033
2023-05-21 22:58:18.505 [warning] [Decorations] CAPPING events from decorations provider vscode.git 2033
2023-05-21 22:58:23.570 [warning] [Decorations] CAPPING events from decorations provider vscode.git 2033
2023-05-21 22:58:28.650 [warning] [Decorations] CAPPING events from decorations provider vscode.git 2033
2023-05-21 22:58:33.721 [warning] [Decorations] CAPPING events from decorations provider vscode.git 2033
2023-05-21 22:58:38.778 [warning] [Decorations] CAPPING events from decorations provider vscode.git 2033
2023-05-21 22:58:43.841 [warning] [Decorations] CAPPING events from decorations provider vscode.git 2033
2023-05-21 22:58:48.920 [warning] [Decorations] CAPPING events from decorations provider vscode.git 2033
2023-05-21 22:58:53.984 [warning] [Decorations] CAPPING events from decorations provider vscode.git 2033
2023-05-21 22:58:59.053 [warning] [Decorations] CAPPING events from decorations provider vscode.git 2033
2023-05-21 22:59:04.126 [warning] [Decorations] CAPPING events from decorations provider vscode.git 2033
2023-05-21 22:59:09.364 [warning] [Decorations] CAPPING events from decorations provider vscode.git 2033
2023-05-21 22:59:14.443 [warning] [Decorations] CAPPING events from decorations provider vscode.git 2033
2023-05-21 22:59:19.530 [warning] [Decorations] CAPPING events from decorations provider vscode.git 2034
2023-05-21 22:59:24.591 [warning] [Decorations] CAPPING events from decorations provider vscode.git 2034
2023-05-21 22:59:29.667 [warning] [Decorations] CAPPING events from decorations provider vscode.git 2033
2023-05-21 22:59:34.739 [warning] [Decorations] CAPPING events from decorations provider vscode.git 2033
2023-05-21 22:59:39.821 [warning] [Decorations] CAPPING events from decorations provider vscode.git 2033
2023-05-21 22:59:44.930 [warning] [Decorations] CAPPING events from decorations provider vscode.git 2033
2023-05-21 22:59:50.042 [warning] [Decorations] CAPPING events from decorations provider vscode.git 2033
2023-05-21 22:59:55.112 [warning] [Decorations] CAPPING events from decorations provider vscode.git 2033
2023-05-21 23:00:00.214 [warning] [Decorations] CAPPING events from decorations provider vscode.git 2033
2023-05-21 23:00:05.499 [warning] [Decorations] CAPPING events from decorations provider vscode.git 2033
2023-05-21 23:00:51.472 [warning] [Decorations] CAPPING events from decorations provider vscode.git 2033
2023-05-21 23:00:56.593 [warning] [Decorations] CAPPING events from decorations provider vscode.git 2033
2023-05-21 23:01:02.058 [warning] [Decorations] CAPPING events from decorations provider vscode.git 2033
2023-05-21 23:01:07.012 [info] Extension host terminating: received terminate message from renderer
2023-05-21 23:01:07.012 [info] Lock '/home/ec2-user/.vscode-server/data/User/workspaceStorage/cbddb842ef2d1f755fb84d454134a81d/vscode.lock': Marking the lockfile as scheduled to be released in 6000 ms.
2023-05-21 23:01:07.032 [info] Extension host with pid 465 exiting with code 0
